obamacare no_augmentation 1 mlm
Breitbart
{'eval_loss': 2.080657720565796, 'eval_runtime': 2.4085, 'eval_samples_per_second': 303.917, 'eval_steps_per_second': 38.197, 'epoch': 1.0}
{'eval_loss': 2.017671823501587, 'eval_runtime': 2.4137, 'eval_samples_per_second': 303.263, 'eval_steps_per_second': 38.115, 'epoch': 2.0}
{'eval_loss': 1.9774253368377686, 'eval_runtime': 2.415, 'eval_samples_per_second': 303.104, 'eval_steps_per_second': 38.095, 'epoch': 3.0}
{'eval_loss': 1.9332268238067627, 'eval_runtime': 2.4165, 'eval_samples_per_second': 302.919, 'eval_steps_per_second': 38.072, 'epoch': 4.0}
{'eval_loss': 1.8961915969848633, 'eval_runtime': 2.4139, 'eval_samples_per_second': 303.248, 'eval_steps_per_second': 38.113, 'epoch': 5.0}
{'eval_loss': 1.9216006994247437, 'eval_runtime': 2.4131, 'eval_samples_per_second': 303.347, 'eval_steps_per_second': 38.126, 'epoch': 6.0}
{'eval_loss': 2.01593017578125, 'eval_runtime': 2.4176, 'eval_samples_per_second': 302.783, 'eval_steps_per_second': 38.055, 'epoch': 7.0}
{'eval_loss': 1.9749568700790405, 'eval_runtime': 2.4145, 'eval_samples_per_second': 303.174, 'eval_steps_per_second': 38.104, 'epoch': 8.0}
{'eval_loss': 1.9590100049972534, 'eval_runtime': 2.4213, 'eval_samples_per_second': 302.312, 'eval_steps_per_second': 37.995, 'epoch': 9.0}
{'eval_loss': 1.9434200525283813, 'eval_runtime': 2.4138, 'eval_samples_per_second': 303.251, 'eval_steps_per_second': 38.113, 'epoch': 10.0}
{'eval_loss': 1.899966835975647, 'eval_runtime': 2.4108, 'eval_samples_per_second': 303.637, 'eval_steps_per_second': 38.162, 'epoch': 11.0}
{'eval_loss': 1.888149619102478, 'eval_runtime': 2.4129, 'eval_samples_per_second': 303.366, 'eval_steps_per_second': 38.128, 'epoch': 12.0}
{'eval_loss': 1.870175838470459, 'eval_runtime': 2.4151, 'eval_samples_per_second': 303.09, 'eval_steps_per_second': 38.093, 'epoch': 13.0}
{'eval_loss': 1.8971904516220093, 'eval_runtime': 2.416, 'eval_samples_per_second': 302.98, 'eval_steps_per_second': 38.079, 'epoch': 14.0}
{'eval_loss': 1.8786187171936035, 'eval_runtime': 2.4125, 'eval_samples_per_second': 303.418, 'eval_steps_per_second': 38.134, 'epoch': 15.0}
{'eval_loss': 1.8635174036026, 'eval_runtime': 2.4155, 'eval_samples_per_second': 303.042, 'eval_steps_per_second': 38.087, 'epoch': 16.0}
{'eval_loss': 1.9136226177215576, 'eval_runtime': 2.4132, 'eval_samples_per_second': 303.332, 'eval_steps_per_second': 38.124, 'epoch': 17.0}
{'eval_loss': 1.8557876348495483, 'eval_runtime': 2.4127, 'eval_samples_per_second': 303.39, 'eval_steps_per_second': 38.131, 'epoch': 18.0}
{'train_runtime': 1331.1686, 'train_samples_per_second': 90.124, 'train_steps_per_second': 5.639, 'train_loss': 1.591667681479816, 'epoch': 18.0}
CBS
{'eval_loss': 1.9389172792434692, 'eval_runtime': 2.0135, 'eval_samples_per_second': 396.823, 'eval_steps_per_second': 49.665, 'epoch': 1.0}
{'eval_loss': 1.8195210695266724, 'eval_runtime': 2.0161, 'eval_samples_per_second': 396.305, 'eval_steps_per_second': 49.6, 'epoch': 2.0}
{'eval_loss': 1.8859251737594604, 'eval_runtime': 2.0167, 'eval_samples_per_second': 396.197, 'eval_steps_per_second': 49.587, 'epoch': 3.0}
{'eval_loss': 1.864395260810852, 'eval_runtime': 2.017, 'eval_samples_per_second': 396.128, 'eval_steps_per_second': 49.578, 'epoch': 4.0}
{'eval_loss': 1.7947158813476562, 'eval_runtime': 2.0155, 'eval_samples_per_second': 396.432, 'eval_steps_per_second': 49.616, 'epoch': 5.0}
{'eval_loss': 1.7899824380874634, 'eval_runtime': 2.0161, 'eval_samples_per_second': 396.32, 'eval_steps_per_second': 49.602, 'epoch': 6.0}
{'eval_loss': 1.85280179977417, 'eval_runtime': 2.0156, 'eval_samples_per_second': 396.401, 'eval_steps_per_second': 49.612, 'epoch': 7.0}
{'eval_loss': 1.7650108337402344, 'eval_runtime': 2.0165, 'eval_samples_per_second': 396.226, 'eval_steps_per_second': 49.59, 'epoch': 8.0}
{'eval_loss': 1.8088384866714478, 'eval_runtime': 2.0184, 'eval_samples_per_second': 395.868, 'eval_steps_per_second': 49.545, 'epoch': 9.0}
{'eval_loss': 1.728529691696167, 'eval_runtime': 2.0163, 'eval_samples_per_second': 396.262, 'eval_steps_per_second': 49.595, 'epoch': 10.0}
{'eval_loss': 1.6772736310958862, 'eval_runtime': 2.0177, 'eval_samples_per_second': 396.004, 'eval_steps_per_second': 49.562, 'epoch': 11.0}
{'eval_loss': 1.7367823123931885, 'eval_runtime': 2.0217, 'eval_samples_per_second': 395.216, 'eval_steps_per_second': 49.464, 'epoch': 12.0}
{'eval_loss': 1.734074354171753, 'eval_runtime': 2.0187, 'eval_samples_per_second': 395.8, 'eval_steps_per_second': 49.537, 'epoch': 13.0}
{'eval_loss': 1.7197034358978271, 'eval_runtime': 2.0194, 'eval_samples_per_second': 395.658, 'eval_steps_per_second': 49.519, 'epoch': 14.0}
{'eval_loss': 1.749833583831787, 'eval_runtime': 2.0191, 'eval_samples_per_second': 395.717, 'eval_steps_per_second': 49.527, 'epoch': 15.0}
{'eval_loss': 1.687233567237854, 'eval_runtime': 2.0177, 'eval_samples_per_second': 395.997, 'eval_steps_per_second': 49.562, 'epoch': 16.0}
{'eval_loss': 1.7152570486068726, 'eval_runtime': 2.0191, 'eval_samples_per_second': 395.716, 'eval_steps_per_second': 49.526, 'epoch': 17.0}
{'eval_loss': 1.7283002138137817, 'eval_runtime': 2.019, 'eval_samples_per_second': 395.732, 'eval_steps_per_second': 49.528, 'epoch': 18.0}
{'train_runtime': 2160.145, 'train_samples_per_second': 66.396, 'train_steps_per_second': 4.15, 'train_loss': 1.4983221732415775, 'epoch': 18.0}
CNN
{'eval_loss': 1.9851754903793335, 'eval_runtime': 4.6706, 'eval_samples_per_second': 386.463, 'eval_steps_per_second': 48.388, 'epoch': 1.0}
{'eval_loss': 2.0106399059295654, 'eval_runtime': 4.6717, 'eval_samples_per_second': 386.368, 'eval_steps_per_second': 48.376, 'epoch': 2.0}
{'eval_loss': 1.8994114398956299, 'eval_runtime': 4.6733, 'eval_samples_per_second': 386.237, 'eval_steps_per_second': 48.36, 'epoch': 3.0}
{'eval_loss': 1.875432014465332, 'eval_runtime': 4.6737, 'eval_samples_per_second': 386.2, 'eval_steps_per_second': 48.355, 'epoch': 4.0}
{'eval_loss': 1.8987547159194946, 'eval_runtime': 4.6753, 'eval_samples_per_second': 386.068, 'eval_steps_per_second': 48.339, 'epoch': 5.0}
{'eval_loss': 1.8389418125152588, 'eval_runtime': 4.6739, 'eval_samples_per_second': 386.183, 'eval_steps_per_second': 48.353, 'epoch': 6.0}
{'eval_loss': 1.8661056756973267, 'eval_runtime': 4.6761, 'eval_samples_per_second': 386.008, 'eval_steps_per_second': 48.331, 'epoch': 7.0}
{'eval_loss': 1.8297276496887207, 'eval_runtime': 4.6768, 'eval_samples_per_second': 385.946, 'eval_steps_per_second': 48.323, 'epoch': 8.0}
{'eval_loss': 1.8189477920532227, 'eval_runtime': 4.6777, 'eval_samples_per_second': 385.873, 'eval_steps_per_second': 48.314, 'epoch': 9.0}
{'eval_loss': 1.7918182611465454, 'eval_runtime': 4.6797, 'eval_samples_per_second': 385.705, 'eval_steps_per_second': 48.293, 'epoch': 10.0}
{'eval_loss': 1.7857664823532104, 'eval_runtime': 4.6816, 'eval_samples_per_second': 385.551, 'eval_steps_per_second': 48.274, 'epoch': 11.0}
{'eval_loss': 1.72074294090271, 'eval_runtime': 4.6882, 'eval_samples_per_second': 385.008, 'eval_steps_per_second': 48.206, 'epoch': 12.0}
{'eval_loss': 1.799072504043579, 'eval_runtime': 4.6888, 'eval_samples_per_second': 384.956, 'eval_steps_per_second': 48.2, 'epoch': 13.0}
{'eval_loss': 1.7426350116729736, 'eval_runtime': 4.6878, 'eval_samples_per_second': 385.045, 'eval_steps_per_second': 48.211, 'epoch': 14.0}
{'eval_loss': 1.7731387615203857, 'eval_runtime': 4.6863, 'eval_samples_per_second': 385.164, 'eval_steps_per_second': 48.226, 'epoch': 15.0}
{'eval_loss': 1.724985122680664, 'eval_runtime': 4.6867, 'eval_samples_per_second': 385.136, 'eval_steps_per_second': 48.222, 'epoch': 16.0}
{'eval_loss': 1.7702716588974, 'eval_runtime': 4.6874, 'eval_samples_per_second': 385.073, 'eval_steps_per_second': 48.214, 'epoch': 17.0}
{'eval_loss': 1.7194559574127197, 'eval_runtime': 4.6904, 'eval_samples_per_second': 384.825, 'eval_steps_per_second': 48.183, 'epoch': 18.0}
{'train_runtime': 3008.4511, 'train_samples_per_second': 95.91, 'train_steps_per_second': 5.995, 'train_loss': 1.5057370068889997, 'epoch': 18.0}
Fox
{'eval_loss': 2.026902675628662, 'eval_runtime': 2.1009, 'eval_samples_per_second': 349.847, 'eval_steps_per_second': 43.79, 'epoch': 1.0}
{'eval_loss': 1.9410632848739624, 'eval_runtime': 2.1104, 'eval_samples_per_second': 348.273, 'eval_steps_per_second': 43.593, 'epoch': 2.0}
{'eval_loss': 2.108255386352539, 'eval_runtime': 2.1099, 'eval_samples_per_second': 348.354, 'eval_steps_per_second': 43.603, 'epoch': 3.0}
{'eval_loss': 1.9616752862930298, 'eval_runtime': 2.1096, 'eval_samples_per_second': 348.415, 'eval_steps_per_second': 43.611, 'epoch': 4.0}
{'eval_loss': 1.9740432500839233, 'eval_runtime': 2.1099, 'eval_samples_per_second': 348.351, 'eval_steps_per_second': 43.603, 'epoch': 5.0}
{'eval_loss': 1.9823607206344604, 'eval_runtime': 2.1109, 'eval_samples_per_second': 348.19, 'eval_steps_per_second': 43.583, 'epoch': 6.0}
{'eval_loss': 1.9702343940734863, 'eval_runtime': 2.1097, 'eval_samples_per_second': 348.394, 'eval_steps_per_second': 43.608, 'epoch': 7.0}
{'eval_loss': 1.9459751844406128, 'eval_runtime': 2.1093, 'eval_samples_per_second': 348.458, 'eval_steps_per_second': 43.617, 'epoch': 8.0}
{'eval_loss': 1.8994042873382568, 'eval_runtime': 2.1093, 'eval_samples_per_second': 348.455, 'eval_steps_per_second': 43.616, 'epoch': 9.0}
{'eval_loss': 1.8580135107040405, 'eval_runtime': 2.1076, 'eval_samples_per_second': 348.735, 'eval_steps_per_second': 43.651, 'epoch': 10.0}
{'eval_loss': 1.956468939781189, 'eval_runtime': 2.1087, 'eval_samples_per_second': 348.557, 'eval_steps_per_second': 43.629, 'epoch': 11.0}
{'eval_loss': 1.9091196060180664, 'eval_runtime': 2.1105, 'eval_samples_per_second': 348.258, 'eval_steps_per_second': 43.591, 'epoch': 12.0}
{'eval_loss': 1.9085578918457031, 'eval_runtime': 2.1112, 'eval_samples_per_second': 348.148, 'eval_steps_per_second': 43.578, 'epoch': 13.0}
{'eval_loss': 1.9176127910614014, 'eval_runtime': 2.1102, 'eval_samples_per_second': 348.312, 'eval_steps_per_second': 43.598, 'epoch': 14.0}
{'eval_loss': 1.9826291799545288, 'eval_runtime': 2.1097, 'eval_samples_per_second': 348.394, 'eval_steps_per_second': 43.608, 'epoch': 15.0}
{'eval_loss': 1.8670907020568848, 'eval_runtime': 2.1105, 'eval_samples_per_second': 348.251, 'eval_steps_per_second': 43.591, 'epoch': 16.0}
{'eval_loss': 1.8920037746429443, 'eval_runtime': 2.1084, 'eval_samples_per_second': 348.603, 'eval_steps_per_second': 43.635, 'epoch': 17.0}
{'eval_loss': 1.8980425596237183, 'eval_runtime': 2.111, 'eval_samples_per_second': 348.174, 'eval_steps_per_second': 43.581, 'epoch': 18.0}
{'train_runtime': 1482.5034, 'train_samples_per_second': 88.294, 'train_steps_per_second': 5.524, 'train_loss': 1.6093067956349207, 'epoch': 18.0}
HuffPost
{'eval_loss': 1.9849896430969238, 'eval_runtime': 3.0833, 'eval_samples_per_second': 367.134, 'eval_steps_per_second': 46.054, 'epoch': 1.0}
{'eval_loss': 1.9109861850738525, 'eval_runtime': 3.0884, 'eval_samples_per_second': 366.533, 'eval_steps_per_second': 45.979, 'epoch': 2.0}
{'eval_loss': 1.836669921875, 'eval_runtime': 3.0896, 'eval_samples_per_second': 366.387, 'eval_steps_per_second': 45.96, 'epoch': 3.0}
{'eval_loss': 1.8463033437728882, 'eval_runtime': 3.0864, 'eval_samples_per_second': 366.769, 'eval_steps_per_second': 46.008, 'epoch': 4.0}
{'eval_loss': 1.837153434753418, 'eval_runtime': 3.0935, 'eval_samples_per_second': 365.932, 'eval_steps_per_second': 45.903, 'epoch': 5.0}
{'eval_loss': 1.8140701055526733, 'eval_runtime': 3.0908, 'eval_samples_per_second': 366.242, 'eval_steps_per_second': 45.942, 'epoch': 6.0}
{'eval_loss': 1.7588163614273071, 'eval_runtime': 3.0909, 'eval_samples_per_second': 366.234, 'eval_steps_per_second': 45.941, 'epoch': 7.0}
{'eval_loss': 1.7758402824401855, 'eval_runtime': 3.089, 'eval_samples_per_second': 366.467, 'eval_steps_per_second': 45.97, 'epoch': 8.0}
{'eval_loss': 1.7749594449996948, 'eval_runtime': 3.0925, 'eval_samples_per_second': 366.052, 'eval_steps_per_second': 45.918, 'epoch': 9.0}
{'eval_loss': 1.7042194604873657, 'eval_runtime': 3.09, 'eval_samples_per_second': 366.337, 'eval_steps_per_second': 45.954, 'epoch': 10.0}
{'eval_loss': 1.7228697538375854, 'eval_runtime': 3.0906, 'eval_samples_per_second': 366.266, 'eval_steps_per_second': 45.945, 'epoch': 11.0}
{'eval_loss': 1.77518892288208, 'eval_runtime': 3.0882, 'eval_samples_per_second': 366.562, 'eval_steps_per_second': 45.982, 'epoch': 12.0}
{'eval_loss': 1.6970492601394653, 'eval_runtime': 3.0908, 'eval_samples_per_second': 366.245, 'eval_steps_per_second': 45.942, 'epoch': 13.0}
{'eval_loss': 1.7851533889770508, 'eval_runtime': 3.093, 'eval_samples_per_second': 365.984, 'eval_steps_per_second': 45.91, 'epoch': 14.0}
{'eval_loss': 1.6921459436416626, 'eval_runtime': 3.0894, 'eval_samples_per_second': 366.412, 'eval_steps_per_second': 45.963, 'epoch': 15.0}
{'eval_loss': 1.75491464138031, 'eval_runtime': 3.0913, 'eval_samples_per_second': 366.184, 'eval_steps_per_second': 45.935, 'epoch': 16.0}
{'eval_loss': 1.7407068014144897, 'eval_runtime': 3.0908, 'eval_samples_per_second': 366.252, 'eval_steps_per_second': 45.943, 'epoch': 17.0}
{'eval_loss': 1.7582319974899292, 'eval_runtime': 3.0918, 'eval_samples_per_second': 366.135, 'eval_steps_per_second': 45.929, 'epoch': 18.0}
{'train_runtime': 1872.1062, 'train_samples_per_second': 97.475, 'train_steps_per_second': 6.096, 'train_loss': 1.5605516671048019, 'epoch': 18.0}
