obamacare no_augmentation 1 mlm
NPR
{'eval_loss': 1.8417783975601196, 'eval_runtime': 4.0571, 'eval_samples_per_second': 315.744, 'eval_steps_per_second': 39.684, 'epoch': 1.0}
{'eval_loss': 1.8323785066604614, 'eval_runtime': 3.9965, 'eval_samples_per_second': 320.528, 'eval_steps_per_second': 40.285, 'epoch': 2.0}
{'eval_loss': 1.7446178197860718, 'eval_runtime': 3.9833, 'eval_samples_per_second': 321.595, 'eval_steps_per_second': 40.419, 'epoch': 3.0}
{'eval_loss': 1.6848355531692505, 'eval_runtime': 3.9505, 'eval_samples_per_second': 324.26, 'eval_steps_per_second': 40.754, 'epoch': 4.0}
{'eval_loss': 1.7614264488220215, 'eval_runtime': 3.9197, 'eval_samples_per_second': 326.814, 'eval_steps_per_second': 41.075, 'epoch': 5.0}
{'eval_loss': 1.715507984161377, 'eval_runtime': 3.9457, 'eval_samples_per_second': 324.661, 'eval_steps_per_second': 40.804, 'epoch': 6.0}
{'eval_loss': 1.7287195920944214, 'eval_runtime': 3.9626, 'eval_samples_per_second': 323.276, 'eval_steps_per_second': 40.63, 'epoch': 7.0}
{'eval_loss': 1.7434507608413696, 'eval_runtime': 3.9258, 'eval_samples_per_second': 326.307, 'eval_steps_per_second': 41.011, 'epoch': 8.0}
{'eval_loss': 1.7193045616149902, 'eval_runtime': 3.9187, 'eval_samples_per_second': 326.892, 'eval_steps_per_second': 41.085, 'epoch': 9.0}
{'eval_loss': 1.6498969793319702, 'eval_runtime': 3.9479, 'eval_samples_per_second': 324.473, 'eval_steps_per_second': 40.781, 'epoch': 10.0}
{'eval_loss': 1.6846232414245605, 'eval_runtime': 3.9481, 'eval_samples_per_second': 324.463, 'eval_steps_per_second': 40.779, 'epoch': 11.0}
{'eval_loss': 1.6815598011016846, 'eval_runtime': 4.0021, 'eval_samples_per_second': 320.084, 'eval_steps_per_second': 40.229, 'epoch': 12.0}
{'eval_loss': 1.6951236724853516, 'eval_runtime': 3.9648, 'eval_samples_per_second': 323.09, 'eval_steps_per_second': 40.607, 'epoch': 13.0}
{'eval_loss': 1.6290080547332764, 'eval_runtime': 3.998, 'eval_samples_per_second': 320.407, 'eval_steps_per_second': 40.27, 'epoch': 14.0}
{'eval_loss': 1.6419516801834106, 'eval_runtime': 3.9868, 'eval_samples_per_second': 321.308, 'eval_steps_per_second': 40.383, 'epoch': 15.0}
{'eval_loss': 1.6364068984985352, 'eval_runtime': 3.9573, 'eval_samples_per_second': 323.702, 'eval_steps_per_second': 40.684, 'epoch': 16.0}
{'eval_loss': 1.6454753875732422, 'eval_runtime': 3.989, 'eval_samples_per_second': 321.134, 'eval_steps_per_second': 40.361, 'epoch': 17.0}
{'eval_loss': 1.5862982273101807, 'eval_runtime': 3.9968, 'eval_samples_per_second': 320.509, 'eval_steps_per_second': 40.283, 'epoch': 18.0}
{'train_runtime': 2783.701, 'train_samples_per_second': 84.429, 'train_steps_per_second': 5.283, 'train_loss': 1.47206723127465, 'epoch': 18.0}
NYtimes
{'eval_loss': 1.9863042831420898, 'eval_runtime': 2.8171, 'eval_samples_per_second': 160.45, 'eval_steps_per_second': 20.234, 'epoch': 1.0}
{'eval_loss': 1.9250221252441406, 'eval_runtime': 2.822, 'eval_samples_per_second': 160.173, 'eval_steps_per_second': 20.199, 'epoch': 2.0}
{'eval_loss': 1.9802662134170532, 'eval_runtime': 2.826, 'eval_samples_per_second': 159.941, 'eval_steps_per_second': 20.17, 'epoch': 3.0}
{'eval_loss': 1.9428597688674927, 'eval_runtime': 2.8284, 'eval_samples_per_second': 159.81, 'eval_steps_per_second': 20.153, 'epoch': 4.0}
{'eval_loss': 2.006244421005249, 'eval_runtime': 2.8277, 'eval_samples_per_second': 159.849, 'eval_steps_per_second': 20.158, 'epoch': 5.0}
{'eval_loss': 1.9767361879348755, 'eval_runtime': 2.8341, 'eval_samples_per_second': 159.484, 'eval_steps_per_second': 20.112, 'epoch': 6.0}
{'eval_loss': 1.9205729961395264, 'eval_runtime': 2.8077, 'eval_samples_per_second': 160.985, 'eval_steps_per_second': 20.301, 'epoch': 7.0}
{'eval_loss': 1.91207754611969, 'eval_runtime': 2.8127, 'eval_samples_per_second': 160.697, 'eval_steps_per_second': 20.265, 'epoch': 8.0}
{'eval_loss': 1.9548646211624146, 'eval_runtime': 2.8234, 'eval_samples_per_second': 160.092, 'eval_steps_per_second': 20.189, 'epoch': 9.0}
{'eval_loss': 1.9233449697494507, 'eval_runtime': 2.8371, 'eval_samples_per_second': 159.319, 'eval_steps_per_second': 20.091, 'epoch': 10.0}
{'eval_loss': 1.8951823711395264, 'eval_runtime': 2.831, 'eval_samples_per_second': 159.66, 'eval_steps_per_second': 20.134, 'epoch': 11.0}
{'eval_loss': 1.9643211364746094, 'eval_runtime': 2.8206, 'eval_samples_per_second': 160.252, 'eval_steps_per_second': 20.209, 'epoch': 12.0}
{'eval_loss': 1.8740129470825195, 'eval_runtime': 2.8038, 'eval_samples_per_second': 161.212, 'eval_steps_per_second': 20.33, 'epoch': 13.0}
{'eval_loss': 1.8774672746658325, 'eval_runtime': 2.8288, 'eval_samples_per_second': 159.787, 'eval_steps_per_second': 20.15, 'epoch': 14.0}
{'eval_loss': 1.9536826610565186, 'eval_runtime': 2.8238, 'eval_samples_per_second': 160.07, 'eval_steps_per_second': 20.186, 'epoch': 15.0}
{'eval_loss': 1.9151544570922852, 'eval_runtime': 2.8088, 'eval_samples_per_second': 160.925, 'eval_steps_per_second': 20.294, 'epoch': 16.0}
{'eval_loss': 1.9449384212493896, 'eval_runtime': 2.8152, 'eval_samples_per_second': 160.555, 'eval_steps_per_second': 20.247, 'epoch': 17.0}
{'eval_loss': 1.882523536682129, 'eval_runtime': 2.8213, 'eval_samples_per_second': 160.21, 'eval_steps_per_second': 20.203, 'epoch': 18.0}
{'train_runtime': 1898.3221, 'train_samples_per_second': 46.794, 'train_steps_per_second': 2.93, 'train_loss': 1.5899002859807623, 'epoch': 18.0}
usatoday
{'eval_loss': 1.9855704307556152, 'eval_runtime': 3.4182, 'eval_samples_per_second': 353.398, 'eval_steps_per_second': 44.175, 'epoch': 1.0}
{'eval_loss': 1.9474331140518188, 'eval_runtime': 3.4181, 'eval_samples_per_second': 353.408, 'eval_steps_per_second': 44.176, 'epoch': 2.0}
{'eval_loss': 1.9322400093078613, 'eval_runtime': 3.3981, 'eval_samples_per_second': 355.491, 'eval_steps_per_second': 44.436, 'epoch': 3.0}
{'eval_loss': 1.9334923028945923, 'eval_runtime': 3.3941, 'eval_samples_per_second': 355.907, 'eval_steps_per_second': 44.488, 'epoch': 4.0}
{'eval_loss': 1.8297345638275146, 'eval_runtime': 3.4132, 'eval_samples_per_second': 353.916, 'eval_steps_per_second': 44.239, 'epoch': 5.0}
{'eval_loss': 1.8538103103637695, 'eval_runtime': 3.4059, 'eval_samples_per_second': 354.682, 'eval_steps_per_second': 44.335, 'epoch': 6.0}
{'eval_loss': 1.8585714101791382, 'eval_runtime': 3.4405, 'eval_samples_per_second': 351.111, 'eval_steps_per_second': 43.889, 'epoch': 7.0}
{'eval_loss': 1.8154131174087524, 'eval_runtime': 3.4191, 'eval_samples_per_second': 353.305, 'eval_steps_per_second': 44.163, 'epoch': 8.0}
{'eval_loss': 1.8032515048980713, 'eval_runtime': 3.4219, 'eval_samples_per_second': 353.022, 'eval_steps_per_second': 44.128, 'epoch': 9.0}
{'eval_loss': 1.8043338060379028, 'eval_runtime': 3.4125, 'eval_samples_per_second': 353.998, 'eval_steps_per_second': 44.25, 'epoch': 10.0}
{'eval_loss': 1.8138006925582886, 'eval_runtime': 3.426, 'eval_samples_per_second': 352.601, 'eval_steps_per_second': 44.075, 'epoch': 11.0}
{'eval_loss': 1.7756664752960205, 'eval_runtime': 4.072, 'eval_samples_per_second': 296.661, 'eval_steps_per_second': 37.083, 'epoch': 12.0}
{'eval_loss': 1.8293730020523071, 'eval_runtime': 3.4039, 'eval_samples_per_second': 354.892, 'eval_steps_per_second': 44.361, 'epoch': 13.0}
{'eval_loss': 1.725774884223938, 'eval_runtime': 3.4355, 'eval_samples_per_second': 351.623, 'eval_steps_per_second': 43.953, 'epoch': 14.0}
{'eval_loss': 1.7677830457687378, 'eval_runtime': 3.3782, 'eval_samples_per_second': 357.591, 'eval_steps_per_second': 44.699, 'epoch': 15.0}
{'eval_loss': 1.716489315032959, 'eval_runtime': 3.4273, 'eval_samples_per_second': 352.462, 'eval_steps_per_second': 44.058, 'epoch': 16.0}
{'eval_loss': 1.753864049911499, 'eval_runtime': 3.4235, 'eval_samples_per_second': 352.858, 'eval_steps_per_second': 44.107, 'epoch': 17.0}
{'eval_loss': 1.7262189388275146, 'eval_runtime': 3.4257, 'eval_samples_per_second': 352.629, 'eval_steps_per_second': 44.079, 'epoch': 18.0}
{'train_runtime': 2746.15, 'train_samples_per_second': 80.366, 'train_steps_per_second': 5.027, 'train_loss': 1.5987427341373317, 'epoch': 18.0}
wallstreet
{'eval_loss': 2.2643637657165527, 'eval_runtime': 1.1583, 'eval_samples_per_second': 351.379, 'eval_steps_per_second': 44.03, 'epoch': 1.0}
{'eval_loss': 2.2407095432281494, 'eval_runtime': 1.1722, 'eval_samples_per_second': 347.201, 'eval_steps_per_second': 43.507, 'epoch': 2.0}
{'eval_loss': 2.1465978622436523, 'eval_runtime': 1.1649, 'eval_samples_per_second': 349.4, 'eval_steps_per_second': 43.782, 'epoch': 3.0}
{'eval_loss': 2.0945653915405273, 'eval_runtime': 1.1678, 'eval_samples_per_second': 348.532, 'eval_steps_per_second': 43.674, 'epoch': 4.0}
{'eval_loss': 2.1515426635742188, 'eval_runtime': 1.1628, 'eval_samples_per_second': 350.024, 'eval_steps_per_second': 43.861, 'epoch': 5.0}
{'eval_loss': 1.9953312873840332, 'eval_runtime': 1.1663, 'eval_samples_per_second': 348.958, 'eval_steps_per_second': 43.727, 'epoch': 6.0}
{'eval_loss': 2.135728597640991, 'eval_runtime': 1.1635, 'eval_samples_per_second': 349.806, 'eval_steps_per_second': 43.833, 'epoch': 7.0}
{'eval_loss': 2.190117120742798, 'eval_runtime': 1.1498, 'eval_samples_per_second': 353.965, 'eval_steps_per_second': 44.354, 'epoch': 8.0}
{'eval_loss': 2.2212088108062744, 'eval_runtime': 1.1573, 'eval_samples_per_second': 351.686, 'eval_steps_per_second': 44.069, 'epoch': 9.0}
{'eval_loss': 2.075707197189331, 'eval_runtime': 1.1735, 'eval_samples_per_second': 346.833, 'eval_steps_per_second': 43.461, 'epoch': 10.0}
{'eval_loss': 2.021152973175049, 'eval_runtime': 1.1606, 'eval_samples_per_second': 350.688, 'eval_steps_per_second': 43.944, 'epoch': 11.0}
{'eval_loss': 2.2142138481140137, 'eval_runtime': 1.1643, 'eval_samples_per_second': 349.565, 'eval_steps_per_second': 43.803, 'epoch': 12.0}
{'eval_loss': 2.188403606414795, 'eval_runtime': 1.1593, 'eval_samples_per_second': 351.073, 'eval_steps_per_second': 43.992, 'epoch': 13.0}
{'eval_loss': 2.1266674995422363, 'eval_runtime': 1.161, 'eval_samples_per_second': 350.548, 'eval_steps_per_second': 43.926, 'epoch': 14.0}
{'eval_loss': 2.0918378829956055, 'eval_runtime': 1.1567, 'eval_samples_per_second': 351.87, 'eval_steps_per_second': 44.092, 'epoch': 15.0}
{'eval_loss': 2.029109001159668, 'eval_runtime': 1.1398, 'eval_samples_per_second': 357.083, 'eval_steps_per_second': 44.745, 'epoch': 16.0}
{'eval_loss': 2.2821154594421387, 'eval_runtime': 1.1486, 'eval_samples_per_second': 354.332, 'eval_steps_per_second': 44.4, 'epoch': 17.0}
{'eval_loss': 2.050222158432007, 'eval_runtime': 1.1494, 'eval_samples_per_second': 354.091, 'eval_steps_per_second': 44.37, 'epoch': 18.0}
{'train_runtime': 611.9666, 'train_samples_per_second': 88.328, 'train_steps_per_second': 5.53, 'train_loss': 1.69625544266216, 'epoch': 18.0}
washington
{'eval_loss': 1.914780855178833, 'eval_runtime': 8.0047, 'eval_samples_per_second': 243.232, 'eval_steps_per_second': 30.482, 'epoch': 1.0}
{'eval_loss': 1.9022303819656372, 'eval_runtime': 8.0136, 'eval_samples_per_second': 242.963, 'eval_steps_per_second': 30.448, 'epoch': 2.0}
{'eval_loss': 1.9000078439712524, 'eval_runtime': 8.0039, 'eval_samples_per_second': 243.256, 'eval_steps_per_second': 30.485, 'epoch': 3.0}
{'eval_loss': 1.8900244235992432, 'eval_runtime': 7.9888, 'eval_samples_per_second': 243.717, 'eval_steps_per_second': 30.543, 'epoch': 4.0}
{'eval_loss': 1.894640564918518, 'eval_runtime': 8.0225, 'eval_samples_per_second': 242.693, 'eval_steps_per_second': 30.414, 'epoch': 5.0}
{'eval_loss': 1.8146445751190186, 'eval_runtime': 8.0178, 'eval_samples_per_second': 242.833, 'eval_steps_per_second': 30.432, 'epoch': 6.0}
{'eval_loss': 1.8324894905090332, 'eval_runtime': 8.0072, 'eval_samples_per_second': 243.155, 'eval_steps_per_second': 30.472, 'epoch': 7.0}
{'eval_loss': 1.810565710067749, 'eval_runtime': 8.0092, 'eval_samples_per_second': 243.095, 'eval_steps_per_second': 30.465, 'epoch': 8.0}
{'eval_loss': 1.792581558227539, 'eval_runtime': 8.5781, 'eval_samples_per_second': 226.972, 'eval_steps_per_second': 28.444, 'epoch': 9.0}
{'eval_loss': 1.7632899284362793, 'eval_runtime': 8.3197, 'eval_samples_per_second': 234.023, 'eval_steps_per_second': 29.328, 'epoch': 10.0}
{'eval_loss': 1.7889244556427002, 'eval_runtime': 8.3483, 'eval_samples_per_second': 233.222, 'eval_steps_per_second': 29.228, 'epoch': 11.0}
{'eval_loss': 1.7666736841201782, 'eval_runtime': 8.365, 'eval_samples_per_second': 232.757, 'eval_steps_per_second': 29.169, 'epoch': 12.0}
{'eval_loss': 1.745615005493164, 'eval_runtime': 8.3586, 'eval_samples_per_second': 232.933, 'eval_steps_per_second': 29.191, 'epoch': 13.0}
{'eval_loss': 1.7785465717315674, 'eval_runtime': 8.3455, 'eval_samples_per_second': 233.299, 'eval_steps_per_second': 29.237, 'epoch': 14.0}
{'eval_loss': 1.7300755977630615, 'eval_runtime': 8.3404, 'eval_samples_per_second': 233.443, 'eval_steps_per_second': 29.255, 'epoch': 15.0}
{'eval_loss': 1.7331006526947021, 'eval_runtime': 8.357, 'eval_samples_per_second': 232.978, 'eval_steps_per_second': 29.197, 'epoch': 16.0}
{'eval_loss': 1.7473150491714478, 'eval_runtime': 8.354, 'eval_samples_per_second': 233.062, 'eval_steps_per_second': 29.208, 'epoch': 17.0}
{'eval_loss': 1.7193504571914673, 'eval_runtime': 8.3513, 'eval_samples_per_second': 233.136, 'eval_steps_per_second': 29.217, 'epoch': 18.0}
{'train_runtime': 3794.0527, 'train_samples_per_second': 68.597, 'train_steps_per_second': 4.289, 'train_loss': 1.6111381178174164, 'epoch': 18.0}
